{"name": "test_registration_with_missing_field", "status": "failed", "statusDetails": {"message": "AssertionError: Registration page should show validation and remain\nassert 'https://demo.guru99.com/insurance/v1/index.php' != 'https://demo.guru99.com/insurance/v1/index.php'", "trace": "self = <test_registration.TestRegistration object at 0x0000012CBD569710>\n\n    def test_registration_with_missing_field(self):\n        # 1. Open the registration page.\n        reg_obj = RegistrationPage(self.driver)\n        reg_obj.click_reg_btn()\n        # Intentionally create account without filling anything\n        reg_obj.create_account()\n        # Expect some validation to be present on the page\n        current_url = self.driver.current_url\n        expected_url = 'https://demo.guru99.com/insurance/v1/index.php'\n    \n>       assert current_url != expected_url,\"Registration page should show validation and remain\"\nE       AssertionError: Registration page should show validation and remain\nE       assert 'https://demo.guru99.com/insurance/v1/index.php' != 'https://demo.guru99.com/insurance/v1/index.php'\n\ntest_registration.py:36: AssertionError"}, "start": 1756882263828, "stop": 1756882267110, "uuid": "d26c4863-6e69-4ed1-b467-653ec404789d", "historyId": "26ff8fe983035d5d5a09e66dcc860e87", "testCaseId": "26ff8fe983035d5d5a09e66dcc860e87", "fullName": "tests.test_registration.TestRegistration#test_registration_with_missing_field", "labels": [{"name": "parentSuite", "value": "tests"}, {"name": "suite", "value": "test_registration"}, {"name": "subSuite", "value": "TestRegistration"}, {"name": "host", "value": "LAPTOP-HV9SGCO3"}, {"name": "thread", "value": "19432-MainThread"}, {"name": "framework", "value": "pytest"}, {"name": "language", "value": "cpython3"}, {"name": "package", "value": "tests.test_registration"}], "titlePath": ["tests", "test_registration.py", "TestRegistration"]}