{"name": "test_request_quotation_with_missing_fields", "status": "failed", "statusDetails": {"message": "AssertionError: Validation errors should shown.\nassert (True and True == False)\n +  where True = confirmation_present()\n +    where confirmation_present = <pages.request_quotation_page.RequestQuotationPage object at 0x0000012CBD50AB50>.confirmation_present\n +  and   True = quotation_number()\n +    where quotation_number = <pages.request_quotation_page.RequestQuotationPage object at 0x0000012CBD50AB50>.quotation_number", "trace": "self = <test_request_quotation.TestRequestQuotation object at 0x0000012CBD51FC10>\n\n    def test_request_quotation_with_missing_fields(self):\n        self.driver.get(\"https://demo.guru99.com/insurance/v1/index.php\")\n        lp = LoginPage(self.driver)\n        lp.login(\"amit@gmail.com\", 'Amit@123')\n        db = DashboardPage(self.driver)\n        db.go_request_quotation()\n        rq = RequestQuotationPage(self.driver)\n        sleep(2)\n        rq.save()\n        sleep(2)\n>       assert rq.confirmation_present() and rq.quotation_number() == False, \"Validation errors should shown.\"\nE       AssertionError: Validation errors should shown.\nE       assert (True and True == False)\nE        +  where True = confirmation_present()\nE        +    where confirmation_present = <pages.request_quotation_page.RequestQuotationPage object at 0x0000012CBD50AB50>.confirmation_present\nE        +  and   True = quotation_number()\nE        +    where quotation_number = <pages.request_quotation_page.RequestQuotationPage object at 0x0000012CBD50AB50>.quotation_number\n\ntest_request_quotation.py:37: AssertionError"}, "start": 1756882302852, "stop": 1756882311308, "uuid": "315d0b06-c63b-4f29-8aa9-cab90aebae55", "historyId": "e8e2ff934b60ebc6850796ede0689947", "testCaseId": "e8e2ff934b60ebc6850796ede0689947", "fullName": "tests.test_request_quotation.TestRequestQuotation#test_request_quotation_with_missing_fields", "labels": [{"name": "parentSuite", "value": "tests"}, {"name": "suite", "value": "test_request_quotation"}, {"name": "subSuite", "value": "TestRequestQuotation"}, {"name": "host", "value": "LAPTOP-HV9SGCO3"}, {"name": "thread", "value": "19432-MainThread"}, {"name": "framework", "value": "pytest"}, {"name": "language", "value": "cpython3"}, {"name": "package", "value": "tests.test_request_quotation"}], "titlePath": ["tests", "test_request_quotation.py", "TestRequestQuotation"]}